{"name": "test_jkxt_yppz_06", "status": "broken", "statusDetails": {"message": "selenium.common.exceptions.TimeoutException: Message:", "trace": "self = <test_008_zh_xtsz_yppz.Test_jkxt_yppz object at 0x0000024426FB1F98>\naccess_web = (<selenium.webdriver.chrome.webdriver.WebDriver (session=\"0f27bbf4ac1b31952a126fbfd1828b53\")>, <PageObjects.zh_001.dl_...bbpz object at 0x0000024426F93E80>, <PageObjects.zh_007_xtsz_lkpz.Test_zh_xtsz_lkpz object at 0x0000024426F93BE0>, ...)\n\n    def test_jkxt_yppz_06(self, access_web):\n    \n        # 列表点击最后一个\n        # 音频ID搜索框\n        # access_web[17].zh_xtsz_yppz_07(99999999)\n        time.sleep(3)\n        access_web[17].zh_xtsz_yppz_09()\n    \n        #删除\n>       access_web[17].zh_xtsz_yppz_011()\n\nTestCases\\test_008_zh_xtsz_yppz.py:122: \n_ _ _ _ _ _ _ _ _ _ _ _ _ _ _ _ _ _ _ _ _ _ _ _ _ _ _ _ _ _ _ _ _ _ _ _ _ _ _ _ _ _ _ _ _ _ _ _ _ _ _ _ _ _ _ _ _ _ _ _ _ _ _ _ _ _ _ _ _ _ _ _ _ _ _ _ _ _ _ _ _ _ _ _ _ _ _ _ _ _ _ _ _ _ _ _ _ _ _ _ _ _ _ _ _ _ _ _ _ _ _ _ _ _ _ _ _ _ _ _ _ _ _ _ _ _ _ _ _ _ _ _ _ _ _ _ _ _ _ _ _ _ _ _ _ _ _ _ _ _ _ _ _ _ _ _ \nPageObjects\\zh_008_xtsz_yppz.py:119: in zh_xtsz_yppz_011\n    WebDriverWait(self.driver, 30).until(EC.visibility_of_element_located(loc.zh_xtsz_yppz_sctck))\n_ _ _ _ _ _ _ _ _ _ _ _ _ _ _ _ _ _ _ _ _ _ _ _ _ _ _ _ _ _ _ _ _ _ _ _ _ _ _ _ _ _ _ _ _ _ _ _ _ _ _ _ _ _ _ _ _ _ _ _ _ _ _ _ _ _ _ _ _ _ _ _ _ _ _ _ _ _ _ _ _ _ _ _ _ _ _ _ _ _ _ _ _ _ _ _ _ _ _ _ _ _ _ _ _ _ _ _ _ _ _ _ _ _ _ _ _ _ _ _ _ _ _ _ _ _ _ _ _ _ _ _ _ _ _ _ _ _ _ _ _ _ _ _ _ _ _ _ _ _ _ _ _ _ _ _ \n\nself = <selenium.webdriver.support.wait.WebDriverWait (session=\"0f27bbf4ac1b31952a126fbfd1828b53\")>, method = <selenium.webdriver.support.expected_conditions.visibility_of_element_located object at 0x0000024426FB65F8>, message = ''\n\n    def until(self, method, message=''):\n        \"\"\"Calls the method provided with the driver as an argument until the \\\n        return value is not False.\"\"\"\n        screen = None\n        stacktrace = None\n    \n        end_time = time.time() + self._timeout\n        while True:\n            try:\n                value = method(self._driver)\n                if value:\n                    return value\n            except self._ignored_exceptions as exc:\n                screen = getattr(exc, 'screen', None)\n                stacktrace = getattr(exc, 'stacktrace', None)\n            time.sleep(self._poll)\n            if time.time() > end_time:\n                break\n>       raise TimeoutException(message, screen, stacktrace)\nE       selenium.common.exceptions.TimeoutException: Message:\n\nd:\\python\\lib\\site-packages\\selenium\\webdriver\\support\\wait.py:80: TimeoutException"}, "attachments": [{"name": "stdout", "source": "4b8c3cc2-dfec-40e0-a870-bcd2455cd214-attachment.txt", "type": "text/plain"}], "start": 1597723296213, "stop": 1597723329396, "uuid": "48a2af17-e128-4197-b07b-622abec803a9", "historyId": "bd3d36d9e271d0a1bf13c3ee08102e80", "testCaseId": "7ee81ab346b6e5895d5caf3ac0788578", "fullName": "TestCases.test_008_zh_xtsz_yppz.Test_jkxt_yppz#test_jkxt_yppz_06", "labels": [{"name": "tag", "value": "@pytest.mark.usefixtures('access_web')"}, {"name": "parentSuite", "value": "TestCases"}, {"name": "suite", "value": "test_008_zh_xtsz_yppz"}, {"name": "subSuite", "value": "Test_jkxt_yppz"}, {"name": "host", "value": "DESKTOP-IB24K0P"}, {"name": "thread", "value": "13640-MainThread"}, {"name": "framework", "value": "pytest"}, {"name": "language", "value": "cpython3"}, {"name": "package", "value": "TestCases.test_008_zh_xtsz_yppz"}]}