{"name": "test_jkxt_lxrpz_011", "status": "broken", "statusDetails": {"message": "selenium.common.exceptions.TimeoutException: Message:", "trace": "self = <test_010_zh_xtsz_lxrpz.Test_jkxt_lxrpz object at 0x0000024426FC31D0>\naccess_web = (<selenium.webdriver.chrome.webdriver.WebDriver (session=\"968e1cf3012b7d36a3e1a507b92caf4d\")>, <PageObjects.zh_001.dl_...bbpz object at 0x0000024426FE5940>, <PageObjects.zh_007_xtsz_lkpz.Test_zh_xtsz_lkpz object at 0x0000024426FE5780>, ...)\n\n    def test_jkxt_lxrpz_011(self, access_web):\n         time.sleep(3)\n         # 左侧列表点击最后一个\n         access_web[18].zh_xtsz_lxrpz_023()\n         # 左侧 删除\n         access_web[18].zh_xtsz_lxrpz_024()\n    \n>        assert access_web[18].zh_xtsz_lxrpz_028() == \"删除成功\"\n\nTestCases\\test_010_zh_xtsz_lxrpz.py:236: \n_ _ _ _ _ _ _ _ _ _ _ _ _ _ _ _ _ _ _ _ _ _ _ _ _ _ _ _ _ _ _ _ _ _ _ _ _ _ _ _ _ _ _ _ _ _ _ _ _ _ _ _ _ _ _ _ _ _ _ _ _ _ _ _ _ _ _ _ _ _ _ _ _ _ _ _ _ _ _ _ _ _ _ _ _ _ _ _ _ _ _ _ _ _ _ _ _ _ _ _ _ _ _ _ _ _ _ _ _ _ _ _ _ _ _ _ _ _ _ _ _ _ _ _ _ _ _ _ _ _ _ _ _ _ _ _ _ _ _ _ _ _ _ _ _ _ _ _ _ _ _ _ _ _ _ _ \nPageObjects\\zh_010_xtsz_lxrpz.py:279: in zh_xtsz_lxrpz_028\n    WebDriverWait(self.driver, 30).until(EC.visibility_of_element_located(loc.zh_xtsz_lxrpz_tsysccg))\n_ _ _ _ _ _ _ _ _ _ _ _ _ _ _ _ _ _ _ _ _ _ _ _ _ _ _ _ _ _ _ _ _ _ _ _ _ _ _ _ _ _ _ _ _ _ _ _ _ _ _ _ _ _ _ _ _ _ _ _ _ _ _ _ _ _ _ _ _ _ _ _ _ _ _ _ _ _ _ _ _ _ _ _ _ _ _ _ _ _ _ _ _ _ _ _ _ _ _ _ _ _ _ _ _ _ _ _ _ _ _ _ _ _ _ _ _ _ _ _ _ _ _ _ _ _ _ _ _ _ _ _ _ _ _ _ _ _ _ _ _ _ _ _ _ _ _ _ _ _ _ _ _ _ _ _ \n\nself = <selenium.webdriver.support.wait.WebDriverWait (session=\"968e1cf3012b7d36a3e1a507b92caf4d\")>, method = <selenium.webdriver.support.expected_conditions.visibility_of_element_located object at 0x0000024426FC3978>, message = ''\n\n    def until(self, method, message=''):\n        \"\"\"Calls the method provided with the driver as an argument until the \\\n        return value is not False.\"\"\"\n        screen = None\n        stacktrace = None\n    \n        end_time = time.time() + self._timeout\n        while True:\n            try:\n                value = method(self._driver)\n                if value:\n                    return value\n            except self._ignored_exceptions as exc:\n                screen = getattr(exc, 'screen', None)\n                stacktrace = getattr(exc, 'stacktrace', None)\n            time.sleep(self._poll)\n            if time.time() > end_time:\n                break\n>       raise TimeoutException(message, screen, stacktrace)\nE       selenium.common.exceptions.TimeoutException: Message:\n\nd:\\python\\lib\\site-packages\\selenium\\webdriver\\support\\wait.py:80: TimeoutException"}, "attachments": [{"name": "stdout", "source": "f497974b-183e-4eb1-84fa-c603c7bd1e4f-attachment.txt", "type": "text/plain"}], "start": 1597723429469, "stop": 1597723463717, "uuid": "bb680cad-fc1f-4325-9181-e3041457af1f", "historyId": "26cfe4de364100a37d7cd4623afdf09c", "testCaseId": "34435b38a3e81b645d237b258617490b", "fullName": "TestCases.test_010_zh_xtsz_lxrpz.Test_jkxt_lxrpz#test_jkxt_lxrpz_011", "labels": [{"name": "tag", "value": "@pytest.mark.usefixtures('access_web')"}, {"name": "parentSuite", "value": "TestCases"}, {"name": "suite", "value": "test_010_zh_xtsz_lxrpz"}, {"name": "subSuite", "value": "Test_jkxt_lxrpz"}, {"name": "host", "value": "DESKTOP-IB24K0P"}, {"name": "thread", "value": "13640-MainThread"}, {"name": "framework", "value": "pytest"}, {"name": "language", "value": "cpython3"}, {"name": "package", "value": "TestCases.test_010_zh_xtsz_lxrpz"}]}