{"name": "test_zh_stsz_dtgl_zclb_02", "status": "broken", "statusDetails": {"message": "selenium.common.exceptions.TimeoutException: Message:", "trace": "self = <test_016_zh_xtsz_zcgl_zclb.Test_zh_stsz_dtgl_zclb object at 0x000002442700F160>\naccess_web = (<selenium.webdriver.chrome.webdriver.WebDriver (session=\"6099824841b11bf59c4e3027763aa78b\")>, <PageObjects.zh_001.dl_...bbpz object at 0x00000244270164E0>, <PageObjects.zh_007_xtsz_lkpz.Test_zh_xtsz_lkpz object at 0x0000024427016EB8>, ...)\n\n    def test_zh_stsz_dtgl_zclb_02(self, access_web):\n        time.sleep(2)\n        # 点击列表最后一个\n>       access_web[11].zh_xtsz_zcgl_zclb_03()\n\nTestCases\\test_016_zh_xtsz_zcgl_zclb.py:46: \n_ _ _ _ _ _ _ _ _ _ _ _ _ _ _ _ _ _ _ _ _ _ _ _ _ _ _ _ _ _ _ _ _ _ _ _ _ _ _ _ _ _ _ _ _ _ _ _ _ _ _ _ _ _ _ _ _ _ _ _ _ _ _ _ _ _ _ _ _ _ _ _ _ _ _ _ _ _ _ _ _ _ _ _ _ _ _ _ _ _ _ _ _ _ _ _ _ _ _ _ _ _ _ _ _ _ _ _ _ _ _ _ _ _ _ _ _ _ _ _ _ _ _ _ _ _ _ _ _ _ _ _ _ _ _ _ _ _ _ _ _ _ _ _ _ _ _ _ _ _ _ _ _ _ _ _ \nPageObjects\\zh_016_xtsz_zcgl_zclb.py:47: in zh_xtsz_zcgl_zclb_03\n    WebDriverWait(self.driver, 30).until(EC.visibility_of_element_located(loc.zh_xtsz_zcgl_zclb_lb))\n_ _ _ _ _ _ _ _ _ _ _ _ _ _ _ _ _ _ _ _ _ _ _ _ _ _ _ _ _ _ _ _ _ _ _ _ _ _ _ _ _ _ _ _ _ _ _ _ _ _ _ _ _ _ _ _ _ _ _ _ _ _ _ _ _ _ _ _ _ _ _ _ _ _ _ _ _ _ _ _ _ _ _ _ _ _ _ _ _ _ _ _ _ _ _ _ _ _ _ _ _ _ _ _ _ _ _ _ _ _ _ _ _ _ _ _ _ _ _ _ _ _ _ _ _ _ _ _ _ _ _ _ _ _ _ _ _ _ _ _ _ _ _ _ _ _ _ _ _ _ _ _ _ _ _ _ \n\nself = <selenium.webdriver.support.wait.WebDriverWait (session=\"6099824841b11bf59c4e3027763aa78b\")>, method = <selenium.webdriver.support.expected_conditions.visibility_of_element_located object at 0x000002442700F7B8>, message = ''\n\n    def until(self, method, message=''):\n        \"\"\"Calls the method provided with the driver as an argument until the \\\n        return value is not False.\"\"\"\n        screen = None\n        stacktrace = None\n    \n        end_time = time.time() + self._timeout\n        while True:\n            try:\n                value = method(self._driver)\n                if value:\n                    return value\n            except self._ignored_exceptions as exc:\n                screen = getattr(exc, 'screen', None)\n                stacktrace = getattr(exc, 'stacktrace', None)\n            time.sleep(self._poll)\n            if time.time() > end_time:\n                break\n>       raise TimeoutException(message, screen, stacktrace)\nE       selenium.common.exceptions.TimeoutException: Message:\n\nd:\\python\\lib\\site-packages\\selenium\\webdriver\\support\\wait.py:80: TimeoutException"}, "start": 1597723899491, "stop": 1597723931985, "uuid": "ef9e9132-abcd-48ff-bf0b-e7a34cf4b9da", "historyId": "139a8b11309c675e36bf1cb9f1db73f8", "testCaseId": "802a088de975d99a9217418f1fa65dc7", "fullName": "TestCases.test_016_zh_xtsz_zcgl_zclb.Test_zh_stsz_dtgl_zclb#test_zh_stsz_dtgl_zclb_02", "labels": [{"name": "tag", "value": "@pytest.mark.usefixtures('access_web')"}, {"name": "parentSuite", "value": "TestCases"}, {"name": "suite", "value": "test_016_zh_xtsz_zcgl_zclb"}, {"name": "subSuite", "value": "Test_zh_stsz_dtgl_zclb"}, {"name": "host", "value": "DESKTOP-IB24K0P"}, {"name": "thread", "value": "13640-MainThread"}, {"name": "framework", "value": "pytest"}, {"name": "language", "value": "cpython3"}, {"name": "package", "value": "TestCases.test_016_zh_xtsz_zcgl_zclb"}]}