{"name": "test_zh_stsz_dtgl_lxbj_07", "status": "broken", "statusDetails": {"message": "selenium.common.exceptions.TimeoutException: Message:", "trace": "self = <test_017_zh_xtsz_zcgl_lxbj.Test_zh_stsz_dtgl_lxbj object at 0x00000244270525C0>\naccess_web = (<selenium.webdriver.chrome.webdriver.WebDriver (session=\"247d9a14bddb32fd14d857bc02dbbc33\")>, <PageObjects.zh_001.dl_...bbpz object at 0x0000024427026278>, <PageObjects.zh_007_xtsz_lkpz.Test_zh_xtsz_lkpz object at 0x0000024427026B00>, ...)\n\n    def test_zh_stsz_dtgl_lxbj_07(self, access_web):\n        time.sleep(4)\n        # 类型名称搜索框\n        access_web[12].zh_xtsz_zcgl_lxbj_02(\"测试自动化\")\n        # 查询\n        access_web[12].zh_xtsz_zcgl_lxbj_03()\n        # 列表点击最后一个\n>       access_web[12].zh_xtsz_zcgl_lxbj_010()\n\nTestCases\\test_017_zh_xtsz_zcgl_lxbj.py:131: \n_ _ _ _ _ _ _ _ _ _ _ _ _ _ _ _ _ _ _ _ _ _ _ _ _ _ _ _ _ _ _ _ _ _ _ _ _ _ _ _ _ _ _ _ _ _ _ _ _ _ _ _ _ _ _ _ _ _ _ _ _ _ _ _ _ _ _ _ _ _ _ _ _ _ _ _ _ _ _ _ _ _ _ _ _ _ _ _ _ _ _ _ _ _ _ _ _ _ _ _ _ _ _ _ _ _ _ _ _ _ _ _ _ _ _ _ _ _ _ _ _ _ _ _ _ _ _ _ _ _ _ _ _ _ _ _ _ _ _ _ _ _ _ _ _ _ _ _ _ _ _ _ _ _ _ _ \nPageObjects\\zh_017_xtsz_zcgl_lxbj.py:113: in zh_xtsz_zcgl_lxbj_010\n    WebDriverWait(self.driver, 30).until(EC.visibility_of_element_located(loc.zh_xtsz_zcgl_lxbj_lb))\n_ _ _ _ _ _ _ _ _ _ _ _ _ _ _ _ _ _ _ _ _ _ _ _ _ _ _ _ _ _ _ _ _ _ _ _ _ _ _ _ _ _ _ _ _ _ _ _ _ _ _ _ _ _ _ _ _ _ _ _ _ _ _ _ _ _ _ _ _ _ _ _ _ _ _ _ _ _ _ _ _ _ _ _ _ _ _ _ _ _ _ _ _ _ _ _ _ _ _ _ _ _ _ _ _ _ _ _ _ _ _ _ _ _ _ _ _ _ _ _ _ _ _ _ _ _ _ _ _ _ _ _ _ _ _ _ _ _ _ _ _ _ _ _ _ _ _ _ _ _ _ _ _ _ _ _ \n\nself = <selenium.webdriver.support.wait.WebDriverWait (session=\"247d9a14bddb32fd14d857bc02dbbc33\")>, method = <selenium.webdriver.support.expected_conditions.visibility_of_element_located object at 0x0000024427052710>, message = ''\n\n    def until(self, method, message=''):\n        \"\"\"Calls the method provided with the driver as an argument until the \\\n        return value is not False.\"\"\"\n        screen = None\n        stacktrace = None\n    \n        end_time = time.time() + self._timeout\n        while True:\n            try:\n                value = method(self._driver)\n                if value:\n                    return value\n            except self._ignored_exceptions as exc:\n                screen = getattr(exc, 'screen', None)\n                stacktrace = getattr(exc, 'stacktrace', None)\n            time.sleep(self._poll)\n            if time.time() > end_time:\n                break\n>       raise TimeoutException(message, screen, stacktrace)\nE       selenium.common.exceptions.TimeoutException: Message:\n\nd:\\python\\lib\\site-packages\\selenium\\webdriver\\support\\wait.py:80: TimeoutException"}, "start": 1597724151556, "stop": 1597724186362, "uuid": "0962956c-fb95-4350-aa6c-67c43feadc0b", "historyId": "9a24c044954df1e8c6cc3a2bcf320912", "testCaseId": "b1460d0b8120749bc8f88af32d088872", "fullName": "TestCases.test_017_zh_xtsz_zcgl_lxbj.Test_zh_stsz_dtgl_lxbj#test_zh_stsz_dtgl_lxbj_07", "labels": [{"name": "tag", "value": "@pytest.mark.usefixtures('access_web')"}, {"name": "parentSuite", "value": "TestCases"}, {"name": "suite", "value": "test_017_zh_xtsz_zcgl_lxbj"}, {"name": "subSuite", "value": "Test_zh_stsz_dtgl_lxbj"}, {"name": "host", "value": "DESKTOP-IB24K0P"}, {"name": "thread", "value": "13640-MainThread"}, {"name": "framework", "value": "pytest"}, {"name": "language", "value": "cpython3"}, {"name": "package", "value": "TestCases.test_017_zh_xtsz_zcgl_lxbj"}]}