{"name": "test_zh_stsz_dtgl_jczpz_05", "status": "broken", "statusDetails": {"message": "selenium.common.exceptions.TimeoutException: Message:", "trace": "self = <test_020_zh_xtsz_zcgl_jczpz.Test_zh_stsz_dtgl_qybj object at 0x0000024426FAC6D8>\naccess_web = (<selenium.webdriver.chrome.webdriver.WebDriver (session=\"91a480f3fe3479c367851572ad155802\")>, <PageObjects.zh_001.dl_...bbpz object at 0x0000024426FC3D68>, <PageObjects.zh_007_xtsz_lkpz.Test_zh_xtsz_lkpz object at 0x0000024426FC3CC0>, ...)\n\n    def test_zh_stsz_dtgl_jczpz_05(self, access_web):\n        time.sleep(4)\n        # 添加配置\n        access_web[15].zh_xtsz_zcgl_jczpz_01()\n        # 设备类型\n>       access_web[15].zh_xtsz_zcgl_jczpz_04()\n\nTestCases\\test_020_zh_xtsz_zcgl_jczpz.py:101: \n_ _ _ _ _ _ _ _ _ _ _ _ _ _ _ _ _ _ _ _ _ _ _ _ _ _ _ _ _ _ _ _ _ _ _ _ _ _ _ _ _ _ _ _ _ _ _ _ _ _ _ _ _ _ _ _ _ _ _ _ _ _ _ _ _ _ _ _ _ _ _ _ _ _ _ _ _ _ _ _ _ _ _ _ _ _ _ _ _ _ _ _ _ _ _ _ _ _ _ _ _ _ _ _ _ _ _ _ _ _ _ _ _ _ _ _ _ _ _ _ _ _ _ _ _ _ _ _ _ _ _ _ _ _ _ _ _ _ _ _ _ _ _ _ _ _ _ _ _ _ _ _ _ _ _ _ \nPageObjects\\zh_020_xtsz_zcgl_jczpz.py:63: in zh_xtsz_zcgl_jczpz_04\n    WebDriverWait(self.driver, 30).until(EC.visibility_of_element_located(loc.zh_xtsz_zcgl_jczpz_sblx))\n_ _ _ _ _ _ _ _ _ _ _ _ _ _ _ _ _ _ _ _ _ _ _ _ _ _ _ _ _ _ _ _ _ _ _ _ _ _ _ _ _ _ _ _ _ _ _ _ _ _ _ _ _ _ _ _ _ _ _ _ _ _ _ _ _ _ _ _ _ _ _ _ _ _ _ _ _ _ _ _ _ _ _ _ _ _ _ _ _ _ _ _ _ _ _ _ _ _ _ _ _ _ _ _ _ _ _ _ _ _ _ _ _ _ _ _ _ _ _ _ _ _ _ _ _ _ _ _ _ _ _ _ _ _ _ _ _ _ _ _ _ _ _ _ _ _ _ _ _ _ _ _ _ _ _ _ \n\nself = <selenium.webdriver.support.wait.WebDriverWait (session=\"91a480f3fe3479c367851572ad155802\")>, method = <selenium.webdriver.support.expected_conditions.visibility_of_element_located object at 0x0000024426FAC978>, message = ''\n\n    def until(self, method, message=''):\n        \"\"\"Calls the method provided with the driver as an argument until the \\\n        return value is not False.\"\"\"\n        screen = None\n        stacktrace = None\n    \n        end_time = time.time() + self._timeout\n        while True:\n            try:\n                value = method(self._driver)\n                if value:\n                    return value\n            except self._ignored_exceptions as exc:\n                screen = getattr(exc, 'screen', None)\n                stacktrace = getattr(exc, 'stacktrace', None)\n            time.sleep(self._poll)\n            if time.time() > end_time:\n                break\n>       raise TimeoutException(message, screen, stacktrace)\nE       selenium.common.exceptions.TimeoutException: Message:\n\nd:\\python\\lib\\site-packages\\selenium\\webdriver\\support\\wait.py:80: TimeoutException"}, "start": 1597724688001, "stop": 1597724722546, "uuid": "0809c0bd-b523-4282-b19d-f050c4186df2", "historyId": "7bc62576b2cc192dd266e1a19184b571", "testCaseId": "c6c282c4920ddba52412b7885cd5c5f4", "fullName": "TestCases.test_020_zh_xtsz_zcgl_jczpz.Test_zh_stsz_dtgl_qybj#test_zh_stsz_dtgl_jczpz_05", "labels": [{"name": "tag", "value": "@pytest.mark.usefixtures('access_web')"}, {"name": "parentSuite", "value": "TestCases"}, {"name": "suite", "value": "test_020_zh_xtsz_zcgl_jczpz"}, {"name": "subSuite", "value": "Test_zh_stsz_dtgl_qybj"}, {"name": "host", "value": "DESKTOP-IB24K0P"}, {"name": "thread", "value": "13640-MainThread"}, {"name": "framework", "value": "pytest"}, {"name": "language", "value": "cpython3"}, {"name": "package", "value": "TestCases.test_020_zh_xtsz_zcgl_jczpz"}]}