{"name": "test_dl_zhengchengdenglu[data0]", "status": "broken", "statusDetails": {"message": "selenium.common.exceptions.TimeoutException: Message:", "trace": "self = <test_001_dl.Test_dl_denglushouye object at 0x0000024426703320>\naccess_web = (<selenium.webdriver.chrome.webdriver.WebDriver (session=\"72c6e36cca4838d3ea8310108db886fc\")>, <PageObjects.zh_001.dl_...bbpz object at 0x00000244266EEDA0>, <PageObjects.zh_007_xtsz_lkpz.Test_zh_xtsz_lkpz object at 0x00000244266EEDD8>, ...), data = {'password': 'a1234567', 'text': '13547324646'}\n\n    @pytest.mark.parametrize(\"data\", LD.zcdl)\n    def test_dl_zhengchengdenglu(self,access_web,data):\n    \n        access_web[1].login(data[\"text\"], data[\"password\"])\n    \n>       assert access_web[1].login_suidaojiance()==loc.sdjc\n\nTestCases\\test_001_dl.py:41: \n_ _ _ _ _ _ _ _ _ _ _ _ _ _ _ _ _ _ _ _ _ _ _ _ _ _ _ _ _ _ _ _ _ _ _ _ _ _ _ _ _ _ _ _ _ _ _ _ _ _ _ _ _ _ _ _ _ _ _ _ _ _ _ _ _ _ _ _ _ _ _ _ _ _ _ _ _ _ _ _ _ _ _ _ _ _ _ _ _ _ _ _ _ _ _ _ _ _ _ _ _ _ _ _ _ _ _ _ _ _ _ _ _ _ _ _ _ _ _ _ _ _ _ _ _ _ _ _ _ _ _ _ _ _ _ _ _ _ _ _ _ _ _ _ _ _ _ _ _ _ _ _ _ _ _ _ \nPageObjects\\zh_001.py:42: in login_suidaojiance\n    WebDriverWait(self.driver,30).until(EC.visibility_of_element_located(loc.suidaojiesoujiance))\n_ _ _ _ _ _ _ _ _ _ _ _ _ _ _ _ _ _ _ _ _ _ _ _ _ _ _ _ _ _ _ _ _ _ _ _ _ _ _ _ _ _ _ _ _ _ _ _ _ _ _ _ _ _ _ _ _ _ _ _ _ _ _ _ _ _ _ _ _ _ _ _ _ _ _ _ _ _ _ _ _ _ _ _ _ _ _ _ _ _ _ _ _ _ _ _ _ _ _ _ _ _ _ _ _ _ _ _ _ _ _ _ _ _ _ _ _ _ _ _ _ _ _ _ _ _ _ _ _ _ _ _ _ _ _ _ _ _ _ _ _ _ _ _ _ _ _ _ _ _ _ _ _ _ _ _ \n\nself = <selenium.webdriver.support.wait.WebDriverWait (session=\"72c6e36cca4838d3ea8310108db886fc\")>, method = <selenium.webdriver.support.expected_conditions.visibility_of_element_located object at 0x00000244267032B0>, message = ''\n\n    def until(self, method, message=''):\n        \"\"\"Calls the method provided with the driver as an argument until the \\\n        return value is not False.\"\"\"\n        screen = None\n        stacktrace = None\n    \n        end_time = time.time() + self._timeout\n        while True:\n            try:\n                value = method(self._driver)\n                if value:\n                    return value\n            except self._ignored_exceptions as exc:\n                screen = getattr(exc, 'screen', None)\n                stacktrace = getattr(exc, 'stacktrace', None)\n            time.sleep(self._poll)\n            if time.time() > end_time:\n                break\n>       raise TimeoutException(message, screen, stacktrace)\nE       selenium.common.exceptions.TimeoutException: Message:\n\nd:\\python\\lib\\site-packages\\selenium\\webdriver\\support\\wait.py:80: TimeoutException"}, "attachments": [{"name": "stdout", "source": "397bc61c-a07b-4d1f-a52b-7e60fce4a399-attachment.txt", "type": "text/plain"}], "parameters": [{"name": "data", "value": "{'text': '13547324646', 'password': 'a1234567'}"}], "start": 1597723146683, "stop": 1597723177686, "uuid": "c70cdd30-f35d-4fad-961e-d6c48d8004f4", "historyId": "15bbb7b02bfc3705d30bf28533575562", "testCaseId": "f6d2ae50025ce3992ad053cc0760960d", "fullName": "TestCases.test_001_dl.Test_dl_denglushouye#test_dl_zhengchengdenglu", "labels": [{"name": "tag", "value": "@pytest.mark.usefixtures('access_web')"}, {"name": "parentSuite", "value": "TestCases"}, {"name": "suite", "value": "test_001_dl"}, {"name": "subSuite", "value": "Test_dl_denglushouye"}, {"name": "host", "value": "DESKTOP-IB24K0P"}, {"name": "thread", "value": "13640-MainThread"}, {"name": "framework", "value": "pytest"}, {"name": "language", "value": "cpython3"}, {"name": "package", "value": "TestCases.test_001_dl"}]}