{"name": "test_zh_stsz_dtgl_ztbds_05", "status": "broken", "statusDetails": {"message": "selenium.common.exceptions.TimeoutException: Message:", "trace": "self = <test_018_zh_xtsz_zcgl_ztbds.Test_zh_stsz_dtgl_ztbds object at 0x00000244270296A0>\naccess_web = (<selenium.webdriver.chrome.webdriver.WebDriver (session=\"9522ac89e404c01e6b2d8096087ff6ee\")>, <PageObjects.zh_001.dl_...bbpz object at 0x0000024427015E80>, <PageObjects.zh_007_xtsz_lkpz.Test_zh_xtsz_lkpz object at 0x00000244270152E8>, ...)\n\n    def test_zh_stsz_dtgl_ztbds_05(self, access_web):\n        # 添加表达式\n        access_web[13].zh_xtsz_zcgl_ztbds_01()\n        # 设备类型选择\n        access_web[13].zh_xtsz_zcgl_ztbds_04()\n        # 状态选择\n        access_web[13].zh_xtsz_zcgl_ztbds_05()\n        # 版本清空\n        access_web[13].zh_xtsz_zcgl_ztbds_06()\n        # 版本输入\n        access_web[13].zh_xtsz_zcgl_ztbds_07(9)\n        # 表达式输入\n>       access_web[13].zh_xtsz_zcgl_ztbds_08(\"1\")\n\nTestCases\\test_018_zh_xtsz_zcgl_ztbds.py:101: \n_ _ _ _ _ _ _ _ _ _ _ _ _ _ _ _ _ _ _ _ _ _ _ _ _ _ _ _ _ _ _ _ _ _ _ _ _ _ _ _ _ _ _ _ _ _ _ _ _ _ _ _ _ _ _ _ _ _ _ _ _ _ _ _ _ _ _ _ _ _ _ _ _ _ _ _ _ _ _ _ _ _ _ _ _ _ _ _ _ _ _ _ _ _ _ _ _ _ _ _ _ _ _ _ _ _ _ _ _ _ _ _ _ _ _ _ _ _ _ _ _ _ _ _ _ _ _ _ _ _ _ _ _ _ _ _ _ _ _ _ _ _ _ _ _ _ _ _ _ _ _ _ _ _ _ _ \nPageObjects\\zh_018_xtsz_zcgl_ztbds.py:99: in zh_xtsz_zcgl_ztbds_08\n    WebDriverWait(self.driver, 30).until(EC.visibility_of_element_located(loc.zh_xtsz_zcgl_ztbds_bds))\n_ _ _ _ _ _ _ _ _ _ _ _ _ _ _ _ _ _ _ _ _ _ _ _ _ _ _ _ _ _ _ _ _ _ _ _ _ _ _ _ _ _ _ _ _ _ _ _ _ _ _ _ _ _ _ _ _ _ _ _ _ _ _ _ _ _ _ _ _ _ _ _ _ _ _ _ _ _ _ _ _ _ _ _ _ _ _ _ _ _ _ _ _ _ _ _ _ _ _ _ _ _ _ _ _ _ _ _ _ _ _ _ _ _ _ _ _ _ _ _ _ _ _ _ _ _ _ _ _ _ _ _ _ _ _ _ _ _ _ _ _ _ _ _ _ _ _ _ _ _ _ _ _ _ _ _ \n\nself = <selenium.webdriver.support.wait.WebDriverWait (session=\"9522ac89e404c01e6b2d8096087ff6ee\")>, method = <selenium.webdriver.support.expected_conditions.visibility_of_element_located object at 0x0000024427029F60>, message = ''\n\n    def until(self, method, message=''):\n        \"\"\"Calls the method provided with the driver as an argument until the \\\n        return value is not False.\"\"\"\n        screen = None\n        stacktrace = None\n    \n        end_time = time.time() + self._timeout\n        while True:\n            try:\n                value = method(self._driver)\n                if value:\n                    return value\n            except self._ignored_exceptions as exc:\n                screen = getattr(exc, 'screen', None)\n                stacktrace = getattr(exc, 'stacktrace', None)\n            time.sleep(self._poll)\n            if time.time() > end_time:\n                break\n>       raise TimeoutException(message, screen, stacktrace)\nE       selenium.common.exceptions.TimeoutException: Message:\n\nd:\\python\\lib\\site-packages\\selenium\\webdriver\\support\\wait.py:80: TimeoutException"}, "start": 1597724260965, "stop": 1597724293861, "uuid": "9b6ee69c-7460-41a6-a8c1-589d0ac59e22", "historyId": "c98cb89752705c96feea9d630bffa801", "testCaseId": "c51bc031922c84a047e45f4af9356003", "fullName": "TestCases.test_018_zh_xtsz_zcgl_ztbds.Test_zh_stsz_dtgl_ztbds#test_zh_stsz_dtgl_ztbds_05", "labels": [{"name": "tag", "value": "@pytest.mark.usefixtures('access_web')"}, {"name": "parentSuite", "value": "TestCases"}, {"name": "suite", "value": "test_018_zh_xtsz_zcgl_ztbds"}, {"name": "subSuite", "value": "Test_zh_stsz_dtgl_ztbds"}, {"name": "host", "value": "DESKTOP-IB24K0P"}, {"name": "thread", "value": "13640-MainThread"}, {"name": "framework", "value": "pytest"}, {"name": "language", "value": "cpython3"}, {"name": "package", "value": "TestCases.test_018_zh_xtsz_zcgl_ztbds"}]}