{"name": "test_zh_stsz_dtgl_tjzc_03", "status": "broken", "statusDetails": {"message": "selenium.common.exceptions.TimeoutException: Message:", "trace": "self = <test_015_zh_xtsz_zcgl_tjzc.Test_zh_stsz_dtgl_tjzc object at 0x0000024427032080>\naccess_web = (<selenium.webdriver.chrome.webdriver.WebDriver (session=\"1ccc0e93ec71864668417b4ff9d5e3d0\")>, <PageObjects.zh_001.dl_...bbpz object at 0x0000024426FDFA58>, <PageObjects.zh_007_xtsz_lkpz.Test_zh_xtsz_lkpz object at 0x0000024426FDF4A8>, ...)\n\n    @pytest.mark.usefixtures(\"sx\")\n    def test_zh_stsz_dtgl_tjzc_03(self,access_web):\n        time.sleep(5)\n        # 类型\n        access_web[10].zh_xtsz_zcgl_tjzc_01()\n        # 类型下拉---选择火灾手报\n        time.sleep(2)\n        access_web[10].zh_xtsz_zcgl_tjzc_02()\n        # 输入名称\n        time.sleep(2)\n>       access_web[10].zh_xtsz_zcgl_tjzc_04(\"自动测试代码\")\n\nTestCases\\test_015_zh_xtsz_zcgl_tjzc.py:80: \n_ _ _ _ _ _ _ _ _ _ _ _ _ _ _ _ _ _ _ _ _ _ _ _ _ _ _ _ _ _ _ _ _ _ _ _ _ _ _ _ _ _ _ _ _ _ _ _ _ _ _ _ _ _ _ _ _ _ _ _ _ _ _ _ _ _ _ _ _ _ _ _ _ _ _ _ _ _ _ _ _ _ _ _ _ _ _ _ _ _ _ _ _ _ _ _ _ _ _ _ _ _ _ _ _ _ _ _ _ _ _ _ _ _ _ _ _ _ _ _ _ _ _ _ _ _ _ _ _ _ _ _ _ _ _ _ _ _ _ _ _ _ _ _ _ _ _ _ _ _ _ _ _ _ _ _ \nPageObjects\\zh_015_xtsz_zcgl_tjzc.py:69: in zh_xtsz_zcgl_tjzc_04\n    WebDriverWait(self.driver, 30).until(EC.visibility_of_element_located(loc.zh_xtsz_zcgl_tjzc_mc))\n_ _ _ _ _ _ _ _ _ _ _ _ _ _ _ _ _ _ _ _ _ _ _ _ _ _ _ _ _ _ _ _ _ _ _ _ _ _ _ _ _ _ _ _ _ _ _ _ _ _ _ _ _ _ _ _ _ _ _ _ _ _ _ _ _ _ _ _ _ _ _ _ _ _ _ _ _ _ _ _ _ _ _ _ _ _ _ _ _ _ _ _ _ _ _ _ _ _ _ _ _ _ _ _ _ _ _ _ _ _ _ _ _ _ _ _ _ _ _ _ _ _ _ _ _ _ _ _ _ _ _ _ _ _ _ _ _ _ _ _ _ _ _ _ _ _ _ _ _ _ _ _ _ _ _ _ \n\nself = <selenium.webdriver.support.wait.WebDriverWait (session=\"1ccc0e93ec71864668417b4ff9d5e3d0\")>, method = <selenium.webdriver.support.expected_conditions.visibility_of_element_located object at 0x0000024427032390>, message = ''\n\n    def until(self, method, message=''):\n        \"\"\"Calls the method provided with the driver as an argument until the \\\n        return value is not False.\"\"\"\n        screen = None\n        stacktrace = None\n    \n        end_time = time.time() + self._timeout\n        while True:\n            try:\n                value = method(self._driver)\n                if value:\n                    return value\n            except self._ignored_exceptions as exc:\n                screen = getattr(exc, 'screen', None)\n                stacktrace = getattr(exc, 'stacktrace', None)\n            time.sleep(self._poll)\n            if time.time() > end_time:\n                break\n>       raise TimeoutException(message, screen, stacktrace)\nE       selenium.common.exceptions.TimeoutException: Message:\n\nd:\\python\\lib\\site-packages\\selenium\\webdriver\\support\\wait.py:80: TimeoutException"}, "start": 1597723731184, "stop": 1597723771686, "uuid": "fcba1e7d-c6c9-4874-8d16-02c1e672a0e1", "historyId": "4ba1a45e8419f837dcfb195912d85923", "testCaseId": "f22e3f0ff2b010a5b03857232b8369bb", "fullName": "TestCases.test_015_zh_xtsz_zcgl_tjzc.Test_zh_stsz_dtgl_tjzc#test_zh_stsz_dtgl_tjzc_03", "labels": [{"name": "tag", "value": "@pytest.mark.usefixtures('sx')"}, {"name": "parentSuite", "value": "TestCases"}, {"name": "suite", "value": "test_015_zh_xtsz_zcgl_tjzc"}, {"name": "subSuite", "value": "Test_zh_stsz_dtgl_tjzc"}, {"name": "host", "value": "DESKTOP-IB24K0P"}, {"name": "thread", "value": "13640-MainThread"}, {"name": "framework", "value": "pytest"}, {"name": "language", "value": "cpython3"}, {"name": "package", "value": "TestCases.test_015_zh_xtsz_zcgl_tjzc"}]}