{"name": "test_zh_stsz_clya_clbj_08", "status": "broken", "statusDetails": {"message": "selenium.common.exceptions.TimeoutException: Message:", "trace": "self = <test_023_zh_xtsz_clya_clbj.Test_zh_stsz_clya_clbj object at 0x00000244270EC470>\naccess_web = (<selenium.webdriver.chrome.webdriver.WebDriver (session=\"f4c5edc737fb51ee0cc489de2d21b881\")>, <PageObjects.zh_001.dl_...bbpz object at 0x00000244270B7FD0>, <PageObjects.zh_007_xtsz_lkpz.Test_zh_xtsz_lkpz object at 0x00000244270B71D0>, ...)\n\n    def test_zh_stsz_clya_clbj_08(self, access_web):\n        time.sleep(4)\n        # 搜索框清除\n        access_web[21].zh_xtsz_clya_clbj_010()\n        # 搜索框输入\n        access_web[21].zh_xtsz_clya_clbj_09(\"修改自动策略\")\n        # 搜索框确定\n        time.sleep(1)\n        access_web[21].zh_xtsz_clya_clbj_011()\n        # 删除\n>       access_web[21].zh_xtsz_clya_clbj_017()\n\nTestCases\\test_023_zh_xtsz_clya_clbj.py:210: \n_ _ _ _ _ _ _ _ _ _ _ _ _ _ _ _ _ _ _ _ _ _ _ _ _ _ _ _ _ _ _ _ _ _ _ _ _ _ _ _ _ _ _ _ _ _ _ _ _ _ _ _ _ _ _ _ _ _ _ _ _ _ _ _ _ _ _ _ _ _ _ _ _ _ _ _ _ _ _ _ _ _ _ _ _ _ _ _ _ _ _ _ _ _ _ _ _ _ _ _ _ _ _ _ _ _ _ _ _ _ _ _ _ _ _ _ _ _ _ _ _ _ _ _ _ _ _ _ _ _ _ _ _ _ _ _ _ _ _ _ _ _ _ _ _ _ _ _ _ _ _ _ _ _ _ _ \nPageObjects\\zh_023_xtsz_clya_clbj.py:161: in zh_xtsz_clya_clbj_017\n    WebDriverWait(self.driver, 30).until(EC.visibility_of_element_located(loc.zh_xtsz_clya_clbj_sctck))\n_ _ _ _ _ _ _ _ _ _ _ _ _ _ _ _ _ _ _ _ _ _ _ _ _ _ _ _ _ _ _ _ _ _ _ _ _ _ _ _ _ _ _ _ _ _ _ _ _ _ _ _ _ _ _ _ _ _ _ _ _ _ _ _ _ _ _ _ _ _ _ _ _ _ _ _ _ _ _ _ _ _ _ _ _ _ _ _ _ _ _ _ _ _ _ _ _ _ _ _ _ _ _ _ _ _ _ _ _ _ _ _ _ _ _ _ _ _ _ _ _ _ _ _ _ _ _ _ _ _ _ _ _ _ _ _ _ _ _ _ _ _ _ _ _ _ _ _ _ _ _ _ _ _ _ _ \n\nself = <selenium.webdriver.support.wait.WebDriverWait (session=\"f4c5edc737fb51ee0cc489de2d21b881\")>, method = <selenium.webdriver.support.expected_conditions.visibility_of_element_located object at 0x00000244270EC710>, message = ''\n\n    def until(self, method, message=''):\n        \"\"\"Calls the method provided with the driver as an argument until the \\\n        return value is not False.\"\"\"\n        screen = None\n        stacktrace = None\n    \n        end_time = time.time() + self._timeout\n        while True:\n            try:\n                value = method(self._driver)\n                if value:\n                    return value\n            except self._ignored_exceptions as exc:\n                screen = getattr(exc, 'screen', None)\n                stacktrace = getattr(exc, 'stacktrace', None)\n            time.sleep(self._poll)\n            if time.time() > end_time:\n                break\n>       raise TimeoutException(message, screen, stacktrace)\nE       selenium.common.exceptions.TimeoutException: Message:\n\nd:\\python\\lib\\site-packages\\selenium\\webdriver\\support\\wait.py:80: TimeoutException"}, "start": 1597725305687, "stop": 1597725341099, "uuid": "412d0094-929e-4189-9b52-2dddded55be4", "historyId": "25f583367680ba6aa8369f4a03c89892", "testCaseId": "a3d9eb1c453fa6b1ded72928bca53878", "fullName": "TestCases.test_023_zh_xtsz_clya_clbj.Test_zh_stsz_clya_clbj#test_zh_stsz_clya_clbj_08", "labels": [{"name": "tag", "value": "@pytest.mark.usefixtures('access_web')"}, {"name": "parentSuite", "value": "TestCases"}, {"name": "suite", "value": "test_023_zh_xtsz_clya_clbj"}, {"name": "subSuite", "value": "Test_zh_stsz_clya_clbj"}, {"name": "host", "value": "DESKTOP-IB24K0P"}, {"name": "thread", "value": "13640-MainThread"}, {"name": "framework", "value": "pytest"}, {"name": "language", "value": "cpython3"}, {"name": "package", "value": "TestCases.test_023_zh_xtsz_clya_clbj"}]}