{"name": "test_zh_stsz_dtgl_jczpz_02", "status": "broken", "statusDetails": {"message": "selenium.common.exceptions.TimeoutException: Message:", "trace": "self = <test_020_zh_xtsz_zcgl_jczpz.Test_zh_stsz_dtgl_qybj object at 0x000002442701ADA0>\naccess_web = (<selenium.webdriver.chrome.webdriver.WebDriver (session=\"91a480f3fe3479c367851572ad155802\")>, <PageObjects.zh_001.dl_...bbpz object at 0x0000024426FC3D68>, <PageObjects.zh_007_xtsz_lkpz.Test_zh_xtsz_lkpz object at 0x0000024426FC3CC0>, ...)\n\n    def test_zh_stsz_dtgl_jczpz_02(self, access_web):\n        time.sleep(2)\n        # 添加配置\n        access_web[15].zh_xtsz_zcgl_jczpz_01()\n        # 设备类型\n>       access_web[15].zh_xtsz_zcgl_jczpz_04()\n\nTestCases\\test_020_zh_xtsz_zcgl_jczpz.py:48: \n_ _ _ _ _ _ _ _ _ _ _ _ _ _ _ _ _ _ _ _ _ _ _ _ _ _ _ _ _ _ _ _ _ _ _ _ _ _ _ _ _ _ _ _ _ _ _ _ _ _ _ _ _ _ _ _ _ _ _ _ _ _ _ _ _ _ _ _ _ _ _ _ _ _ _ _ _ _ _ _ _ _ _ _ _ _ _ _ _ _ _ _ _ _ _ _ _ _ _ _ _ _ _ _ _ _ _ _ _ _ _ _ _ _ _ _ _ _ _ _ _ _ _ _ _ _ _ _ _ _ _ _ _ _ _ _ _ _ _ _ _ _ _ _ _ _ _ _ _ _ _ _ _ _ _ _ \nPageObjects\\zh_020_xtsz_zcgl_jczpz.py:63: in zh_xtsz_zcgl_jczpz_04\n    WebDriverWait(self.driver, 30).until(EC.visibility_of_element_located(loc.zh_xtsz_zcgl_jczpz_sblx))\n_ _ _ _ _ _ _ _ _ _ _ _ _ _ _ _ _ _ _ _ _ _ _ _ _ _ _ _ _ _ _ _ _ _ _ _ _ _ _ _ _ _ _ _ _ _ _ _ _ _ _ _ _ _ _ _ _ _ _ _ _ _ _ _ _ _ _ _ _ _ _ _ _ _ _ _ _ _ _ _ _ _ _ _ _ _ _ _ _ _ _ _ _ _ _ _ _ _ _ _ _ _ _ _ _ _ _ _ _ _ _ _ _ _ _ _ _ _ _ _ _ _ _ _ _ _ _ _ _ _ _ _ _ _ _ _ _ _ _ _ _ _ _ _ _ _ _ _ _ _ _ _ _ _ _ _ \n\nself = <selenium.webdriver.support.wait.WebDriverWait (session=\"91a480f3fe3479c367851572ad155802\")>, method = <selenium.webdriver.support.expected_conditions.visibility_of_element_located object at 0x000002442701AE80>, message = ''\n\n    def until(self, method, message=''):\n        \"\"\"Calls the method provided with the driver as an argument until the \\\n        return value is not False.\"\"\"\n        screen = None\n        stacktrace = None\n    \n        end_time = time.time() + self._timeout\n        while True:\n            try:\n                value = method(self._driver)\n                if value:\n                    return value\n            except self._ignored_exceptions as exc:\n                screen = getattr(exc, 'screen', None)\n                stacktrace = getattr(exc, 'stacktrace', None)\n            time.sleep(self._poll)\n            if time.time() > end_time:\n                break\n>       raise TimeoutException(message, screen, stacktrace)\nE       selenium.common.exceptions.TimeoutException: Message:\n\nd:\\python\\lib\\site-packages\\selenium\\webdriver\\support\\wait.py:80: TimeoutException"}, "start": 1597724587263, "stop": 1597724619816, "uuid": "9ca71aa3-f7ec-445f-90f6-c1c587caabd5", "historyId": "cca13da8bffbcb050db2b4d3d9d6c623", "testCaseId": "6c984ab7380b89fe4e1457ff6cf9989b", "fullName": "TestCases.test_020_zh_xtsz_zcgl_jczpz.Test_zh_stsz_dtgl_qybj#test_zh_stsz_dtgl_jczpz_02", "labels": [{"name": "tag", "value": "@pytest.mark.usefixtures('access_web')"}, {"name": "parentSuite", "value": "TestCases"}, {"name": "suite", "value": "test_020_zh_xtsz_zcgl_jczpz"}, {"name": "subSuite", "value": "Test_zh_stsz_dtgl_qybj"}, {"name": "host", "value": "DESKTOP-IB24K0P"}, {"name": "thread", "value": "13640-MainThread"}, {"name": "framework", "value": "pytest"}, {"name": "language", "value": "cpython3"}, {"name": "package", "value": "TestCases.test_020_zh_xtsz_zcgl_jczpz"}]}