{"name": "test_zh_stsz_dtgl_cjpz_08", "status": "broken", "statusDetails": {"message": "selenium.common.exceptions.TimeoutException: Message:", "trace": "self = <test_021_zh_xtsz_zcgl_cjpz.Test_zh_stsz_dtgl_cjpz object at 0x0000024426FAC048>\naccess_web = (<selenium.webdriver.chrome.webdriver.WebDriver (session=\"daf49903a43cb6e6cd2e102d5886e078\")>, <PageObjects.zh_001.dl_...bbpz object at 0x000002442702F1D0>, <PageObjects.zh_007_xtsz_lkpz.Test_zh_xtsz_lkpz object at 0x000002442702F080>, ...)\n\n    def test_zh_stsz_dtgl_cjpz_08(self, access_web):\n        time.sleep(5)\n        # 列表最后一个\n>       access_web[16].zh_xtsz_zcgl_cjpz_010()\n\nTestCases\\test_021_zh_xtsz_zcgl_cjpz.py:154: \n_ _ _ _ _ _ _ _ _ _ _ _ _ _ _ _ _ _ _ _ _ _ _ _ _ _ _ _ _ _ _ _ _ _ _ _ _ _ _ _ _ _ _ _ _ _ _ _ _ _ _ _ _ _ _ _ _ _ _ _ _ _ _ _ _ _ _ _ _ _ _ _ _ _ _ _ _ _ _ _ _ _ _ _ _ _ _ _ _ _ _ _ _ _ _ _ _ _ _ _ _ _ _ _ _ _ _ _ _ _ _ _ _ _ _ _ _ _ _ _ _ _ _ _ _ _ _ _ _ _ _ _ _ _ _ _ _ _ _ _ _ _ _ _ _ _ _ _ _ _ _ _ _ _ _ _ \nPageObjects\\zh_021_xtsz_zcgl_cjpz.py:110: in zh_xtsz_zcgl_cjpz_010\n    WebDriverWait(self.driver, 30).until(EC.visibility_of_element_located(loc.zh_xtsz_zcgl_cjpz_lb))\n_ _ _ _ _ _ _ _ _ _ _ _ _ _ _ _ _ _ _ _ _ _ _ _ _ _ _ _ _ _ _ _ _ _ _ _ _ _ _ _ _ _ _ _ _ _ _ _ _ _ _ _ _ _ _ _ _ _ _ _ _ _ _ _ _ _ _ _ _ _ _ _ _ _ _ _ _ _ _ _ _ _ _ _ _ _ _ _ _ _ _ _ _ _ _ _ _ _ _ _ _ _ _ _ _ _ _ _ _ _ _ _ _ _ _ _ _ _ _ _ _ _ _ _ _ _ _ _ _ _ _ _ _ _ _ _ _ _ _ _ _ _ _ _ _ _ _ _ _ _ _ _ _ _ _ _ \n\nself = <selenium.webdriver.support.wait.WebDriverWait (session=\"daf49903a43cb6e6cd2e102d5886e078\")>, method = <selenium.webdriver.support.expected_conditions.visibility_of_element_located object at 0x0000024426FAC0F0>, message = ''\n\n    def until(self, method, message=''):\n        \"\"\"Calls the method provided with the driver as an argument until the \\\n        return value is not False.\"\"\"\n        screen = None\n        stacktrace = None\n    \n        end_time = time.time() + self._timeout\n        while True:\n            try:\n                value = method(self._driver)\n                if value:\n                    return value\n            except self._ignored_exceptions as exc:\n                screen = getattr(exc, 'screen', None)\n                stacktrace = getattr(exc, 'stacktrace', None)\n            time.sleep(self._poll)\n            if time.time() > end_time:\n                break\n>       raise TimeoutException(message, screen, stacktrace)\nE       selenium.common.exceptions.TimeoutException: Message:\n\nd:\\python\\lib\\site-packages\\selenium\\webdriver\\support\\wait.py:80: TimeoutException"}, "attachments": [{"name": "stdout", "source": "c9faa29c-aaef-4d29-b41f-da5d0cf7ec93-attachment.txt", "type": "text/plain"}], "start": 1597724954325, "stop": 1597724989332, "uuid": "1469f0fc-c865-42a9-b0d9-4552c8eed922", "historyId": "c9f07df47a726c68c92475f96845d691", "testCaseId": "6817bc213fbea6481037bd48780567e3", "fullName": "TestCases.test_021_zh_xtsz_zcgl_cjpz.Test_zh_stsz_dtgl_cjpz#test_zh_stsz_dtgl_cjpz_08", "labels": [{"name": "tag", "value": "@pytest.mark.usefixtures('access_web')"}, {"name": "parentSuite", "value": "TestCases"}, {"name": "suite", "value": "test_021_zh_xtsz_zcgl_cjpz"}, {"name": "subSuite", "value": "Test_zh_stsz_dtgl_cjpz"}, {"name": "host", "value": "DESKTOP-IB24K0P"}, {"name": "thread", "value": "13640-MainThread"}, {"name": "framework", "value": "pytest"}, {"name": "language", "value": "cpython3"}, {"name": "package", "value": "TestCases.test_021_zh_xtsz_zcgl_cjpz"}]}