{"name": "test_zh_stsz_yhgl_yhgl_07", "status": "broken", "statusDetails": {"message": "selenium.common.exceptions.TimeoutException: Message:", "trace": "self = <test_024_zh_xtsz_yhgl_yhgl.Test_zh_stsz_yhgl_yhgl object at 0x00000244272ACCC0>\naccess_web = (<selenium.webdriver.chrome.webdriver.WebDriver (session=\"b497ed9f143349760619d7a4786b8959\")>, <PageObjects.zh_001.dl_...bbpz object at 0x00000244270B7A90>, <PageObjects.zh_007_xtsz_lkpz.Test_zh_xtsz_lkpz object at 0x00000244270B7240>, ...)\n\n    def test_zh_stsz_yhgl_yhgl_07(self, access_web):\n        time.sleep(3)\n        # 点击添加新用户\n        access_web[22].zh_xtsz_yhgl_yhgl_01()\n        # 账号\n>       access_web[22].zh_xtsz_yhgl_yhgl_07(\"13999999999\")\n\nTestCases\\test_024_zh_xtsz_yhgl_yhgl.py:129: \n_ _ _ _ _ _ _ _ _ _ _ _ _ _ _ _ _ _ _ _ _ _ _ _ _ _ _ _ _ _ _ _ _ _ _ _ _ _ _ _ _ _ _ _ _ _ _ _ _ _ _ _ _ _ _ _ _ _ _ _ _ _ _ _ _ _ _ _ _ _ _ _ _ _ _ _ _ _ _ _ _ _ _ _ _ _ _ _ _ _ _ _ _ _ _ _ _ _ _ _ _ _ _ _ _ _ _ _ _ _ _ _ _ _ _ _ _ _ _ _ _ _ _ _ _ _ _ _ _ _ _ _ _ _ _ _ _ _ _ _ _ _ _ _ _ _ _ _ _ _ _ _ _ _ _ _ \nPageObjects\\zh_024_xtsz_yhgl_yhgl.py:78: in zh_xtsz_yhgl_yhgl_07\n    WebDriverWait(self.driver, 30).until(EC.visibility_of_element_located(loc.zh_xtsz_yhgl_yhgl_zh))\n_ _ _ _ _ _ _ _ _ _ _ _ _ _ _ _ _ _ _ _ _ _ _ _ _ _ _ _ _ _ _ _ _ _ _ _ _ _ _ _ _ _ _ _ _ _ _ _ _ _ _ _ _ _ _ _ _ _ _ _ _ _ _ _ _ _ _ _ _ _ _ _ _ _ _ _ _ _ _ _ _ _ _ _ _ _ _ _ _ _ _ _ _ _ _ _ _ _ _ _ _ _ _ _ _ _ _ _ _ _ _ _ _ _ _ _ _ _ _ _ _ _ _ _ _ _ _ _ _ _ _ _ _ _ _ _ _ _ _ _ _ _ _ _ _ _ _ _ _ _ _ _ _ _ _ _ \n\nself = <selenium.webdriver.support.wait.WebDriverWait (session=\"b497ed9f143349760619d7a4786b8959\")>, method = <selenium.webdriver.support.expected_conditions.visibility_of_element_located object at 0x00000244272ACDD8>, message = ''\n\n    def until(self, method, message=''):\n        \"\"\"Calls the method provided with the driver as an argument until the \\\n        return value is not False.\"\"\"\n        screen = None\n        stacktrace = None\n    \n        end_time = time.time() + self._timeout\n        while True:\n            try:\n                value = method(self._driver)\n                if value:\n                    return value\n            except self._ignored_exceptions as exc:\n                screen = getattr(exc, 'screen', None)\n                stacktrace = getattr(exc, 'stacktrace', None)\n            time.sleep(self._poll)\n            if time.time() > end_time:\n                break\n>       raise TimeoutException(message, screen, stacktrace)\nE       selenium.common.exceptions.TimeoutException: Message:\n\nd:\\python\\lib\\site-packages\\selenium\\webdriver\\support\\wait.py:80: TimeoutException"}, "start": 1597725575517, "stop": 1597725608600, "uuid": "458f5872-7135-41cf-ad7c-86308dfa3183", "historyId": "5b7fa3440e24a8c0e633481c3dac5fbd", "testCaseId": "2eccf395076a2fff005f77a2f5f39f8f", "fullName": "TestCases.test_024_zh_xtsz_yhgl_yhgl.Test_zh_stsz_yhgl_yhgl#test_zh_stsz_yhgl_yhgl_07", "labels": [{"name": "tag", "value": "@pytest.mark.usefixtures('access_web')"}, {"name": "parentSuite", "value": "TestCases"}, {"name": "suite", "value": "test_024_zh_xtsz_yhgl_yhgl"}, {"name": "subSuite", "value": "Test_zh_stsz_yhgl_yhgl"}, {"name": "host", "value": "DESKTOP-IB24K0P"}, {"name": "thread", "value": "13640-MainThread"}, {"name": "framework", "value": "pytest"}, {"name": "language", "value": "cpython3"}, {"name": "package", "value": "TestCases.test_024_zh_xtsz_yhgl_yhgl"}]}