{"name": "test_zh_stsz_yhgl_jsgl_06", "status": "broken", "statusDetails": {"message": "selenium.common.exceptions.TimeoutException: Message:", "trace": "self = <test_026_zh_xtsz_yhgl_qxgl.Test_zh_stsz_yhgl_qxgl object at 0x00000244270529E8>\naccess_web = (<selenium.webdriver.chrome.webdriver.WebDriver (session=\"535688afc412aad04cb8452c19add199\")>, <PageObjects.zh_001.dl_...bbpz object at 0x0000024427266EF0>, <PageObjects.zh_007_xtsz_lkpz.Test_zh_xtsz_lkpz object at 0x0000024427266B38>, ...)\n\n    def test_zh_stsz_yhgl_jsgl_06(self, access_web):\n        time.sleep(3)\n        # 列表最后一个\n>       access_web[24].zh_xtsz_yhgl_qxgl_08()\n\nTestCases\\test_026_zh_xtsz_yhgl_qxgl.py:105: \n_ _ _ _ _ _ _ _ _ _ _ _ _ _ _ _ _ _ _ _ _ _ _ _ _ _ _ _ _ _ _ _ _ _ _ _ _ _ _ _ _ _ _ _ _ _ _ _ _ _ _ _ _ _ _ _ _ _ _ _ _ _ _ _ _ _ _ _ _ _ _ _ _ _ _ _ _ _ _ _ _ _ _ _ _ _ _ _ _ _ _ _ _ _ _ _ _ _ _ _ _ _ _ _ _ _ _ _ _ _ _ _ _ _ _ _ _ _ _ _ _ _ _ _ _ _ _ _ _ _ _ _ _ _ _ _ _ _ _ _ _ _ _ _ _ _ _ _ _ _ _ _ _ _ _ _ \nPageObjects\\zh_026_xtsz_yhgl_qxgl.py:92: in zh_xtsz_yhgl_qxgl_08\n    WebDriverWait(self.driver, 30).until(EC.visibility_of_element_located(loc.zh_xtsz_yhgl_qxgl_lb))\n_ _ _ _ _ _ _ _ _ _ _ _ _ _ _ _ _ _ _ _ _ _ _ _ _ _ _ _ _ _ _ _ _ _ _ _ _ _ _ _ _ _ _ _ _ _ _ _ _ _ _ _ _ _ _ _ _ _ _ _ _ _ _ _ _ _ _ _ _ _ _ _ _ _ _ _ _ _ _ _ _ _ _ _ _ _ _ _ _ _ _ _ _ _ _ _ _ _ _ _ _ _ _ _ _ _ _ _ _ _ _ _ _ _ _ _ _ _ _ _ _ _ _ _ _ _ _ _ _ _ _ _ _ _ _ _ _ _ _ _ _ _ _ _ _ _ _ _ _ _ _ _ _ _ _ _ \n\nself = <selenium.webdriver.support.wait.WebDriverWait (session=\"535688afc412aad04cb8452c19add199\")>, method = <selenium.webdriver.support.expected_conditions.visibility_of_element_located object at 0x0000024427052B70>, message = ''\n\n    def until(self, method, message=''):\n        \"\"\"Calls the method provided with the driver as an argument until the \\\n        return value is not False.\"\"\"\n        screen = None\n        stacktrace = None\n    \n        end_time = time.time() + self._timeout\n        while True:\n            try:\n                value = method(self._driver)\n                if value:\n                    return value\n            except self._ignored_exceptions as exc:\n                screen = getattr(exc, 'screen', None)\n                stacktrace = getattr(exc, 'stacktrace', None)\n            time.sleep(self._poll)\n            if time.time() > end_time:\n                break\n>       raise TimeoutException(message, screen, stacktrace)\nE       selenium.common.exceptions.TimeoutException: Message:\n\nd:\\python\\lib\\site-packages\\selenium\\webdriver\\support\\wait.py:80: TimeoutException"}, "attachments": [{"name": "stdout", "source": "6be12d29-0fd2-43b8-81a9-7a291fad0d7c-attachment.txt", "type": "text/plain"}], "start": 1597725992817, "stop": 1597726026257, "uuid": "78d58434-70c5-4afd-b515-956969a753bd", "historyId": "8a20f9d1344ed04e76ba6a1b490eb006", "testCaseId": "ee5eab078fa5d9f890649d458e2de6e3", "fullName": "TestCases.test_026_zh_xtsz_yhgl_qxgl.Test_zh_stsz_yhgl_qxgl#test_zh_stsz_yhgl_jsgl_06", "labels": [{"name": "tag", "value": "@pytest.mark.usefixtures('access_web')"}, {"name": "parentSuite", "value": "TestCases"}, {"name": "suite", "value": "test_026_zh_xtsz_yhgl_qxgl"}, {"name": "subSuite", "value": "Test_zh_stsz_yhgl_qxgl"}, {"name": "host", "value": "DESKTOP-IB24K0P"}, {"name": "thread", "value": "13640-MainThread"}, {"name": "framework", "value": "pytest"}, {"name": "language", "value": "cpython3"}, {"name": "package", "value": "TestCases.test_026_zh_xtsz_yhgl_qxgl"}]}