{"name": "test_zh_stsz_dtgl_lxbj_03", "status": "broken", "statusDetails": {"message": "selenium.common.exceptions.TimeoutException: Message:", "trace": "self = <test_017_zh_xtsz_zcgl_lxbj.Test_zh_stsz_dtgl_lxbj object at 0x0000024427033588>\naccess_web = (<selenium.webdriver.chrome.webdriver.WebDriver (session=\"247d9a14bddb32fd14d857bc02dbbc33\")>, <PageObjects.zh_001.dl_...bbpz object at 0x0000024427026278>, <PageObjects.zh_007_xtsz_lkpz.Test_zh_xtsz_lkpz object at 0x0000024427026B00>, ...)\n\n    def test_zh_stsz_dtgl_lxbj_03(self, access_web):\n        time.sleep(3)\n        # 添加类型\n        access_web[12].zh_xtsz_zcgl_lxbj_01()\n        # 输入类型ID\n>       access_web[12].zh_xtsz_zcgl_lxbj_06(\"GSM_PC\")\n\nTestCases\\test_017_zh_xtsz_zcgl_lxbj.py:63: \n_ _ _ _ _ _ _ _ _ _ _ _ _ _ _ _ _ _ _ _ _ _ _ _ _ _ _ _ _ _ _ _ _ _ _ _ _ _ _ _ _ _ _ _ _ _ _ _ _ _ _ _ _ _ _ _ _ _ _ _ _ _ _ _ _ _ _ _ _ _ _ _ _ _ _ _ _ _ _ _ _ _ _ _ _ _ _ _ _ _ _ _ _ _ _ _ _ _ _ _ _ _ _ _ _ _ _ _ _ _ _ _ _ _ _ _ _ _ _ _ _ _ _ _ _ _ _ _ _ _ _ _ _ _ _ _ _ _ _ _ _ _ _ _ _ _ _ _ _ _ _ _ _ _ _ _ \nPageObjects\\zh_017_xtsz_zcgl_lxbj.py:72: in zh_xtsz_zcgl_lxbj_06\n    WebDriverWait(self.driver, 30).until(EC.visibility_of_element_located(loc.zh_xtsz_zcgl_lxbj_lxid))\n_ _ _ _ _ _ _ _ _ _ _ _ _ _ _ _ _ _ _ _ _ _ _ _ _ _ _ _ _ _ _ _ _ _ _ _ _ _ _ _ _ _ _ _ _ _ _ _ _ _ _ _ _ _ _ _ _ _ _ _ _ _ _ _ _ _ _ _ _ _ _ _ _ _ _ _ _ _ _ _ _ _ _ _ _ _ _ _ _ _ _ _ _ _ _ _ _ _ _ _ _ _ _ _ _ _ _ _ _ _ _ _ _ _ _ _ _ _ _ _ _ _ _ _ _ _ _ _ _ _ _ _ _ _ _ _ _ _ _ _ _ _ _ _ _ _ _ _ _ _ _ _ _ _ _ _ \n\nself = <selenium.webdriver.support.wait.WebDriverWait (session=\"247d9a14bddb32fd14d857bc02dbbc33\")>, method = <selenium.webdriver.support.expected_conditions.visibility_of_element_located object at 0x00000244270335F8>, message = ''\n\n    def until(self, method, message=''):\n        \"\"\"Calls the method provided with the driver as an argument until the \\\n        return value is not False.\"\"\"\n        screen = None\n        stacktrace = None\n    \n        end_time = time.time() + self._timeout\n        while True:\n            try:\n                value = method(self._driver)\n                if value:\n                    return value\n            except self._ignored_exceptions as exc:\n                screen = getattr(exc, 'screen', None)\n                stacktrace = getattr(exc, 'stacktrace', None)\n            time.sleep(self._poll)\n            if time.time() > end_time:\n                break\n>       raise TimeoutException(message, screen, stacktrace)\nE       selenium.common.exceptions.TimeoutException: Message:\n\nd:\\python\\lib\\site-packages\\selenium\\webdriver\\support\\wait.py:80: TimeoutException"}, "start": 1597724017371, "stop": 1597724050536, "uuid": "d06bf85e-29d7-46f0-8dd4-9ebe11125aac", "historyId": "acab8756066b0a4ceb9569cbb46004d7", "testCaseId": "534699581767a567f8aa8280a8aff650", "fullName": "TestCases.test_017_zh_xtsz_zcgl_lxbj.Test_zh_stsz_dtgl_lxbj#test_zh_stsz_dtgl_lxbj_03", "labels": [{"name": "tag", "value": "@pytest.mark.usefixtures('access_web')"}, {"name": "parentSuite", "value": "TestCases"}, {"name": "suite", "value": "test_017_zh_xtsz_zcgl_lxbj"}, {"name": "subSuite", "value": "Test_zh_stsz_dtgl_lxbj"}, {"name": "host", "value": "DESKTOP-IB24K0P"}, {"name": "thread", "value": "13640-MainThread"}, {"name": "framework", "value": "pytest"}, {"name": "language", "value": "cpython3"}, {"name": "package", "value": "TestCases.test_017_zh_xtsz_zcgl_lxbj"}]}