{"name": "test_zh_stsz_dtgl_ykpz_02", "status": "broken", "statusDetails": {"message": "selenium.common.exceptions.TimeoutException: Message:", "trace": "self = <test_019_zh_xtsz_zcgl_ykpz.Test_zh_stsz_dtgl_ykpz object at 0x0000024426FDF470>\naccess_web = (<selenium.webdriver.chrome.webdriver.WebDriver (session=\"9d492c728b3344f4031b4a3d785ab371\")>, <PageObjects.zh_001.dl_...bbpz object at 0x0000024426F9F4E0>, <PageObjects.zh_007_xtsz_lkpz.Test_zh_xtsz_lkpz object at 0x0000024426F9F048>, ...)\n\n    def test_zh_stsz_dtgl_ykpz_02(self,access_web):\n        time.sleep(3)\n        # 添加表达式\n        access_web[14].zh_xtsz_zcgl_ykpz_01()\n        # 设备类型\n>       access_web[14].zh_xtsz_zcgl_ykpz_03()\n\nTestCases\\test_019_zh_xtsz_zcgl_ykpz.py:51: \n_ _ _ _ _ _ _ _ _ _ _ _ _ _ _ _ _ _ _ _ _ _ _ _ _ _ _ _ _ _ _ _ _ _ _ _ _ _ _ _ _ _ _ _ _ _ _ _ _ _ _ _ _ _ _ _ _ _ _ _ _ _ _ _ _ _ _ _ _ _ _ _ _ _ _ _ _ _ _ _ _ _ _ _ _ _ _ _ _ _ _ _ _ _ _ _ _ _ _ _ _ _ _ _ _ _ _ _ _ _ _ _ _ _ _ _ _ _ _ _ _ _ _ _ _ _ _ _ _ _ _ _ _ _ _ _ _ _ _ _ _ _ _ _ _ _ _ _ _ _ _ _ _ _ _ _ \nPageObjects\\zh_019_xtsz_zcgl_ykpz.py:52: in zh_xtsz_zcgl_ykpz_03\n    WebDriverWait(self.driver, 30).until(EC.visibility_of_element_located(loc.zh_xtsz_zcgl_ykpz_sblx))\n_ _ _ _ _ _ _ _ _ _ _ _ _ _ _ _ _ _ _ _ _ _ _ _ _ _ _ _ _ _ _ _ _ _ _ _ _ _ _ _ _ _ _ _ _ _ _ _ _ _ _ _ _ _ _ _ _ _ _ _ _ _ _ _ _ _ _ _ _ _ _ _ _ _ _ _ _ _ _ _ _ _ _ _ _ _ _ _ _ _ _ _ _ _ _ _ _ _ _ _ _ _ _ _ _ _ _ _ _ _ _ _ _ _ _ _ _ _ _ _ _ _ _ _ _ _ _ _ _ _ _ _ _ _ _ _ _ _ _ _ _ _ _ _ _ _ _ _ _ _ _ _ _ _ _ _ \n\nself = <selenium.webdriver.support.wait.WebDriverWait (session=\"9d492c728b3344f4031b4a3d785ab371\")>, method = <selenium.webdriver.support.expected_conditions.visibility_of_element_located object at 0x0000024426FDF160>, message = ''\n\n    def until(self, method, message=''):\n        \"\"\"Calls the method provided with the driver as an argument until the \\\n        return value is not False.\"\"\"\n        screen = None\n        stacktrace = None\n    \n        end_time = time.time() + self._timeout\n        while True:\n            try:\n                value = method(self._driver)\n                if value:\n                    return value\n            except self._ignored_exceptions as exc:\n                screen = getattr(exc, 'screen', None)\n                stacktrace = getattr(exc, 'stacktrace', None)\n            time.sleep(self._poll)\n            if time.time() > end_time:\n                break\n>       raise TimeoutException(message, screen, stacktrace)\nE       selenium.common.exceptions.TimeoutException: Message:\n\nd:\\python\\lib\\site-packages\\selenium\\webdriver\\support\\wait.py:80: TimeoutException"}, "start": 1597724325918, "stop": 1597724358996, "uuid": "63489b83-3573-4e9b-8f45-3a2a4c09c90a", "historyId": "bb484362d723f73962b21ef18b188b76", "testCaseId": "7435ab823d96f3906aeaf9c01a334b7c", "fullName": "TestCases.test_019_zh_xtsz_zcgl_ykpz.Test_zh_stsz_dtgl_ykpz#test_zh_stsz_dtgl_ykpz_02", "labels": [{"name": "tag", "value": "@pytest.mark.usefixtures('access_web')"}, {"name": "parentSuite", "value": "TestCases"}, {"name": "suite", "value": "test_019_zh_xtsz_zcgl_ykpz"}, {"name": "subSuite", "value": "Test_zh_stsz_dtgl_ykpz"}, {"name": "host", "value": "DESKTOP-IB24K0P"}, {"name": "thread", "value": "13640-MainThread"}, {"name": "framework", "value": "pytest"}, {"name": "language", "value": "cpython3"}, {"name": "package", "value": "TestCases.test_019_zh_xtsz_zcgl_ykpz"}]}