{"name": "test_zh_stsz_yhgl_jsgl_04", "status": "broken", "statusDetails": {"message": "selenium.common.exceptions.TimeoutException: Message:", "trace": "self = <test_025_zh_xtsz_yhgl_jsgl.Test_zh_stsz_yhgl_jsgl object at 0x00000244271198D0>\naccess_web = (<selenium.webdriver.chrome.webdriver.WebDriver (session=\"35ed237d7f17ec270f90e735d8f26c80\")>, <PageObjects.zh_001.dl_...bbpz object at 0x000002442715BEB8>, <PageObjects.zh_007_xtsz_lkpz.Test_zh_xtsz_lkpz object at 0x000002442715BF98>, ...)\n\n    def test_zh_stsz_yhgl_jsgl_04(self,access_web):\n        time.sleep(3)\n        # 添加新角色\n        access_web[23].zh_xtsz_yhgl_jsgl_01()\n        # 输入角色名\n>       access_web[23].zh_xtsz_yhgl_jsgl_03(\"自动测试\")\n\nTestCases\\test_025_zh_xtsz_yhgl_jsgl.py:83: \n_ _ _ _ _ _ _ _ _ _ _ _ _ _ _ _ _ _ _ _ _ _ _ _ _ _ _ _ _ _ _ _ _ _ _ _ _ _ _ _ _ _ _ _ _ _ _ _ _ _ _ _ _ _ _ _ _ _ _ _ _ _ _ _ _ _ _ _ _ _ _ _ _ _ _ _ _ _ _ _ _ _ _ _ _ _ _ _ _ _ _ _ _ _ _ _ _ _ _ _ _ _ _ _ _ _ _ _ _ _ _ _ _ _ _ _ _ _ _ _ _ _ _ _ _ _ _ _ _ _ _ _ _ _ _ _ _ _ _ _ _ _ _ _ _ _ _ _ _ _ _ _ _ _ _ _ \nPageObjects\\zh_025_xtsz_yhgl_jsgl.py:56: in zh_xtsz_yhgl_jsgl_03\n    WebDriverWait(self.driver, 30).until(EC.visibility_of_element_located(loc.zh_xtsz_yhgl_jsgl_jsm))\n_ _ _ _ _ _ _ _ _ _ _ _ _ _ _ _ _ _ _ _ _ _ _ _ _ _ _ _ _ _ _ _ _ _ _ _ _ _ _ _ _ _ _ _ _ _ _ _ _ _ _ _ _ _ _ _ _ _ _ _ _ _ _ _ _ _ _ _ _ _ _ _ _ _ _ _ _ _ _ _ _ _ _ _ _ _ _ _ _ _ _ _ _ _ _ _ _ _ _ _ _ _ _ _ _ _ _ _ _ _ _ _ _ _ _ _ _ _ _ _ _ _ _ _ _ _ _ _ _ _ _ _ _ _ _ _ _ _ _ _ _ _ _ _ _ _ _ _ _ _ _ _ _ _ _ _ \n\nself = <selenium.webdriver.support.wait.WebDriverWait (session=\"35ed237d7f17ec270f90e735d8f26c80\")>, method = <selenium.webdriver.support.expected_conditions.visibility_of_element_located object at 0x00000244271196A0>, message = ''\n\n    def until(self, method, message=''):\n        \"\"\"Calls the method provided with the driver as an argument until the \\\n        return value is not False.\"\"\"\n        screen = None\n        stacktrace = None\n    \n        end_time = time.time() + self._timeout\n        while True:\n            try:\n                value = method(self._driver)\n                if value:\n                    return value\n            except self._ignored_exceptions as exc:\n                screen = getattr(exc, 'screen', None)\n                stacktrace = getattr(exc, 'stacktrace', None)\n            time.sleep(self._poll)\n            if time.time() > end_time:\n                break\n>       raise TimeoutException(message, screen, stacktrace)\nE       selenium.common.exceptions.TimeoutException: Message:\n\nd:\\python\\lib\\site-packages\\selenium\\webdriver\\support\\wait.py:80: TimeoutException"}, "start": 1597725761630, "stop": 1597725794964, "uuid": "e1e612b4-5516-448c-a31d-4bb86b444155", "historyId": "51571c6cb7dcf7f724da40add7804d49", "testCaseId": "0995c0a9e58cf92d52ca3bac624bd310", "fullName": "TestCases.test_025_zh_xtsz_yhgl_jsgl.Test_zh_stsz_yhgl_jsgl#test_zh_stsz_yhgl_jsgl_04", "labels": [{"name": "tag", "value": "@pytest.mark.usefixtures('access_web')"}, {"name": "parentSuite", "value": "TestCases"}, {"name": "suite", "value": "test_025_zh_xtsz_yhgl_jsgl"}, {"name": "subSuite", "value": "Test_zh_stsz_yhgl_jsgl"}, {"name": "host", "value": "DESKTOP-IB24K0P"}, {"name": "thread", "value": "13640-MainThread"}, {"name": "framework", "value": "pytest"}, {"name": "language", "value": "cpython3"}, {"name": "package", "value": "TestCases.test_025_zh_xtsz_yhgl_jsgl"}]}