{"name": "test_zh_stsz_dtgl_tjzc_02", "status": "broken", "statusDetails": {"message": "selenium.common.exceptions.TimeoutException: Message:", "trace": "self = <test_015_zh_xtsz_zcgl_tjzc.Test_zh_stsz_dtgl_tjzc object at 0x000002442702EF60>\naccess_web = (<selenium.webdriver.chrome.webdriver.WebDriver (session=\"1ccc0e93ec71864668417b4ff9d5e3d0\")>, <PageObjects.zh_001.dl_...bbpz object at 0x0000024426FDFA58>, <PageObjects.zh_007_xtsz_lkpz.Test_zh_xtsz_lkpz object at 0x0000024426FDF4A8>, ...)\n\n    @pytest.mark.usefixtures(\"sx\")\n    def test_zh_stsz_dtgl_tjzc_02(self,access_web):\n        time.sleep(3)\n        # 类型\n        access_web[10].zh_xtsz_zcgl_tjzc_01()\n        # 类型下拉---选择火灾手报\n        time.sleep(2)\n        access_web[10].zh_xtsz_zcgl_tjzc_02()\n    \n        time.sleep(2)\n        # 输入名称\n>       access_web[10].zh_xtsz_zcgl_tjzc_04(\"自动测试代码\")\n\nTestCases\\test_015_zh_xtsz_zcgl_tjzc.py:61: \n_ _ _ _ _ _ _ _ _ _ _ _ _ _ _ _ _ _ _ _ _ _ _ _ _ _ _ _ _ _ _ _ _ _ _ _ _ _ _ _ _ _ _ _ _ _ _ _ _ _ _ _ _ _ _ _ _ _ _ _ _ _ _ _ _ _ _ _ _ _ _ _ _ _ _ _ _ _ _ _ _ _ _ _ _ _ _ _ _ _ _ _ _ _ _ _ _ _ _ _ _ _ _ _ _ _ _ _ _ _ _ _ _ _ _ _ _ _ _ _ _ _ _ _ _ _ _ _ _ _ _ _ _ _ _ _ _ _ _ _ _ _ _ _ _ _ _ _ _ _ _ _ _ _ _ _ \nPageObjects\\zh_015_xtsz_zcgl_tjzc.py:69: in zh_xtsz_zcgl_tjzc_04\n    WebDriverWait(self.driver, 30).until(EC.visibility_of_element_located(loc.zh_xtsz_zcgl_tjzc_mc))\n_ _ _ _ _ _ _ _ _ _ _ _ _ _ _ _ _ _ _ _ _ _ _ _ _ _ _ _ _ _ _ _ _ _ _ _ _ _ _ _ _ _ _ _ _ _ _ _ _ _ _ _ _ _ _ _ _ _ _ _ _ _ _ _ _ _ _ _ _ _ _ _ _ _ _ _ _ _ _ _ _ _ _ _ _ _ _ _ _ _ _ _ _ _ _ _ _ _ _ _ _ _ _ _ _ _ _ _ _ _ _ _ _ _ _ _ _ _ _ _ _ _ _ _ _ _ _ _ _ _ _ _ _ _ _ _ _ _ _ _ _ _ _ _ _ _ _ _ _ _ _ _ _ _ _ _ \n\nself = <selenium.webdriver.support.wait.WebDriverWait (session=\"1ccc0e93ec71864668417b4ff9d5e3d0\")>, method = <selenium.webdriver.support.expected_conditions.visibility_of_element_located object at 0x000002442702EEB8>, message = ''\n\n    def until(self, method, message=''):\n        \"\"\"Calls the method provided with the driver as an argument until the \\\n        return value is not False.\"\"\"\n        screen = None\n        stacktrace = None\n    \n        end_time = time.time() + self._timeout\n        while True:\n            try:\n                value = method(self._driver)\n                if value:\n                    return value\n            except self._ignored_exceptions as exc:\n                screen = getattr(exc, 'screen', None)\n                stacktrace = getattr(exc, 'stacktrace', None)\n            time.sleep(self._poll)\n            if time.time() > end_time:\n                break\n>       raise TimeoutException(message, screen, stacktrace)\nE       selenium.common.exceptions.TimeoutException: Message:\n\nd:\\python\\lib\\site-packages\\selenium\\webdriver\\support\\wait.py:80: TimeoutException"}, "start": 1597723688428, "stop": 1597723728987, "uuid": "626a3885-c461-4109-be32-56caaa1d6322", "historyId": "9e883ef1d1d161879dbcfdf49c948b81", "testCaseId": "d060477ed6c99778347a72708d5f5bcc", "fullName": "TestCases.test_015_zh_xtsz_zcgl_tjzc.Test_zh_stsz_dtgl_tjzc#test_zh_stsz_dtgl_tjzc_02", "labels": [{"name": "tag", "value": "@pytest.mark.usefixtures('sx')"}, {"name": "parentSuite", "value": "TestCases"}, {"name": "suite", "value": "test_015_zh_xtsz_zcgl_tjzc"}, {"name": "subSuite", "value": "Test_zh_stsz_dtgl_tjzc"}, {"name": "host", "value": "DESKTOP-IB24K0P"}, {"name": "thread", "value": "13640-MainThread"}, {"name": "framework", "value": "pytest"}, {"name": "language", "value": "cpython3"}, {"name": "package", "value": "TestCases.test_015_zh_xtsz_zcgl_tjzc"}]}