{"name": "test_zh_stsz_dtgl_cjpz_07", "status": "broken", "statusDetails": {"message": "selenium.common.exceptions.TimeoutException: Message:", "trace": "self = <test_021_zh_xtsz_zcgl_cjpz.Test_zh_stsz_dtgl_cjpz object at 0x00000244270299E8>\naccess_web = (<selenium.webdriver.chrome.webdriver.WebDriver (session=\"daf49903a43cb6e6cd2e102d5886e078\")>, <PageObjects.zh_001.dl_...bbpz object at 0x000002442702F1D0>, <PageObjects.zh_007_xtsz_lkpz.Test_zh_xtsz_lkpz object at 0x000002442702F080>, ...)\n\n    def test_zh_stsz_dtgl_cjpz_07(self, access_web):\n        time.sleep(4)\n        # 列表最后一个\n>       access_web[16].zh_xtsz_zcgl_cjpz_010()\n\nTestCases\\test_021_zh_xtsz_zcgl_cjpz.py:141: \n_ _ _ _ _ _ _ _ _ _ _ _ _ _ _ _ _ _ _ _ _ _ _ _ _ _ _ _ _ _ _ _ _ _ _ _ _ _ _ _ _ _ _ _ _ _ _ _ _ _ _ _ _ _ _ _ _ _ _ _ _ _ _ _ _ _ _ _ _ _ _ _ _ _ _ _ _ _ _ _ _ _ _ _ _ _ _ _ _ _ _ _ _ _ _ _ _ _ _ _ _ _ _ _ _ _ _ _ _ _ _ _ _ _ _ _ _ _ _ _ _ _ _ _ _ _ _ _ _ _ _ _ _ _ _ _ _ _ _ _ _ _ _ _ _ _ _ _ _ _ _ _ _ _ _ _ \nPageObjects\\zh_021_xtsz_zcgl_cjpz.py:110: in zh_xtsz_zcgl_cjpz_010\n    WebDriverWait(self.driver, 30).until(EC.visibility_of_element_located(loc.zh_xtsz_zcgl_cjpz_lb))\n_ _ _ _ _ _ _ _ _ _ _ _ _ _ _ _ _ _ _ _ _ _ _ _ _ _ _ _ _ _ _ _ _ _ _ _ _ _ _ _ _ _ _ _ _ _ _ _ _ _ _ _ _ _ _ _ _ _ _ _ _ _ _ _ _ _ _ _ _ _ _ _ _ _ _ _ _ _ _ _ _ _ _ _ _ _ _ _ _ _ _ _ _ _ _ _ _ _ _ _ _ _ _ _ _ _ _ _ _ _ _ _ _ _ _ _ _ _ _ _ _ _ _ _ _ _ _ _ _ _ _ _ _ _ _ _ _ _ _ _ _ _ _ _ _ _ _ _ _ _ _ _ _ _ _ _ \n\nself = <selenium.webdriver.support.wait.WebDriverWait (session=\"daf49903a43cb6e6cd2e102d5886e078\")>, method = <selenium.webdriver.support.expected_conditions.visibility_of_element_located object at 0x00000244270292B0>, message = ''\n\n    def until(self, method, message=''):\n        \"\"\"Calls the method provided with the driver as an argument until the \\\n        return value is not False.\"\"\"\n        screen = None\n        stacktrace = None\n    \n        end_time = time.time() + self._timeout\n        while True:\n            try:\n                value = method(self._driver)\n                if value:\n                    return value\n            except self._ignored_exceptions as exc:\n                screen = getattr(exc, 'screen', None)\n                stacktrace = getattr(exc, 'stacktrace', None)\n            time.sleep(self._poll)\n            if time.time() > end_time:\n                break\n>       raise TimeoutException(message, screen, stacktrace)\nE       selenium.common.exceptions.TimeoutException: Message:\n\nd:\\python\\lib\\site-packages\\selenium\\webdriver\\support\\wait.py:80: TimeoutException"}, "start": 1597724920279, "stop": 1597724954314, "uuid": "776725c3-f40d-40bc-bd08-f9291aff5812", "historyId": "c00d69242f9b6f4376d7317be171bcf0", "testCaseId": "024b6657ee3c1e833a59c93195cf1a3e", "fullName": "TestCases.test_021_zh_xtsz_zcgl_cjpz.Test_zh_stsz_dtgl_cjpz#test_zh_stsz_dtgl_cjpz_07", "labels": [{"name": "tag", "value": "@pytest.mark.usefixtures('access_web')"}, {"name": "parentSuite", "value": "TestCases"}, {"name": "suite", "value": "test_021_zh_xtsz_zcgl_cjpz"}, {"name": "subSuite", "value": "Test_zh_stsz_dtgl_cjpz"}, {"name": "host", "value": "DESKTOP-IB24K0P"}, {"name": "thread", "value": "13640-MainThread"}, {"name": "framework", "value": "pytest"}, {"name": "language", "value": "cpython3"}, {"name": "package", "value": "TestCases.test_021_zh_xtsz_zcgl_cjpz"}]}