{"name": "test_zh_stsz_clya_yabj_09", "status": "broken", "statusDetails": {"message": "selenium.common.exceptions.TimeoutException: Message:", "trace": "self = <test_022_zh_xtsz_clya_yabj.Test_zh_stsz_clya_yabj object at 0x000002442707B198>\naccess_web = (<selenium.webdriver.chrome.webdriver.WebDriver (session=\"53dd9c390b28b1c962e76d6481f201f1\")>, <PageObjects.zh_001.dl_...bbpz object at 0x0000024427020390>, <PageObjects.zh_007_xtsz_lkpz.Test_zh_xtsz_lkpz object at 0x00000244270205F8>, ...)\n\n    def test_zh_stsz_clya_yabj_09(self, access_web):\n        time.sleep(5)\n        # 搜索框清除\n        access_web[20].zh_xtsz_clya_yabj_028()\n        # 搜索框\n        access_web[20].zh_xtsz_clya_yabj_027(\"修改的脚本添加\")\n        # 搜索框确定\n        access_web[20].zh_xtsz_clya_yabj_029()\n        #列表最后一个\n>       access_web[20].zh_xtsz_clya_yabj_06()\n\nTestCases\\test_022_zh_xtsz_clya_yabj.py:185: \n_ _ _ _ _ _ _ _ _ _ _ _ _ _ _ _ _ _ _ _ _ _ _ _ _ _ _ _ _ _ _ _ _ _ _ _ _ _ _ _ _ _ _ _ _ _ _ _ _ _ _ _ _ _ _ _ _ _ _ _ _ _ _ _ _ _ _ _ _ _ _ _ _ _ _ _ _ _ _ _ _ _ _ _ _ _ _ _ _ _ _ _ _ _ _ _ _ _ _ _ _ _ _ _ _ _ _ _ _ _ _ _ _ _ _ _ _ _ _ _ _ _ _ _ _ _ _ _ _ _ _ _ _ _ _ _ _ _ _ _ _ _ _ _ _ _ _ _ _ _ _ _ _ _ _ _ \nPageObjects\\zh_022_xtsz_clya_yabj.py:89: in zh_xtsz_clya_yabj_06\n    WebDriverWait(self.driver, 30).until(EC.visibility_of_element_located(loc.zh_xtsz_clya_yabj_lbzhyg))\n_ _ _ _ _ _ _ _ _ _ _ _ _ _ _ _ _ _ _ _ _ _ _ _ _ _ _ _ _ _ _ _ _ _ _ _ _ _ _ _ _ _ _ _ _ _ _ _ _ _ _ _ _ _ _ _ _ _ _ _ _ _ _ _ _ _ _ _ _ _ _ _ _ _ _ _ _ _ _ _ _ _ _ _ _ _ _ _ _ _ _ _ _ _ _ _ _ _ _ _ _ _ _ _ _ _ _ _ _ _ _ _ _ _ _ _ _ _ _ _ _ _ _ _ _ _ _ _ _ _ _ _ _ _ _ _ _ _ _ _ _ _ _ _ _ _ _ _ _ _ _ _ _ _ _ _ \n\nself = <selenium.webdriver.support.wait.WebDriverWait (session=\"53dd9c390b28b1c962e76d6481f201f1\")>, method = <selenium.webdriver.support.expected_conditions.visibility_of_element_located object at 0x000002442707BE48>, message = ''\n\n    def until(self, method, message=''):\n        \"\"\"Calls the method provided with the driver as an argument until the \\\n        return value is not False.\"\"\"\n        screen = None\n        stacktrace = None\n    \n        end_time = time.time() + self._timeout\n        while True:\n            try:\n                value = method(self._driver)\n                if value:\n                    return value\n            except self._ignored_exceptions as exc:\n                screen = getattr(exc, 'screen', None)\n                stacktrace = getattr(exc, 'stacktrace', None)\n            time.sleep(self._poll)\n            if time.time() > end_time:\n                break\n>       raise TimeoutException(message, screen, stacktrace)\nE       selenium.common.exceptions.TimeoutException: Message:\n\nd:\\python\\lib\\site-packages\\selenium\\webdriver\\support\\wait.py:80: TimeoutException"}, "attachments": [{"name": "stdout", "source": "819ff3ea-5054-4236-9040-048e0c398646-attachment.txt", "type": "text/plain"}], "start": 1597725169726, "stop": 1597725205362, "uuid": "3a81e3d8-4e30-4f56-8acd-9c30dbe67e85", "historyId": "6667bba66031c2efa1c480cb60e511f7", "testCaseId": "1fc136533f2a9996b97fccae5726975d", "fullName": "TestCases.test_022_zh_xtsz_clya_yabj.Test_zh_stsz_clya_yabj#test_zh_stsz_clya_yabj_09", "labels": [{"name": "tag", "value": "@pytest.mark.usefixtures('access_web')"}, {"name": "parentSuite", "value": "TestCases"}, {"name": "suite", "value": "test_022_zh_xtsz_clya_yabj"}, {"name": "subSuite", "value": "Test_zh_stsz_clya_yabj"}, {"name": "host", "value": "DESKTOP-IB24K0P"}, {"name": "thread", "value": "13640-MainThread"}, {"name": "framework", "value": "pytest"}, {"name": "language", "value": "cpython3"}, {"name": "package", "value": "TestCases.test_022_zh_xtsz_clya_yabj"}]}