{"name": "test_zh_stsz_yhgl_yhgl_09", "status": "broken", "statusDetails": {"message": "selenium.common.exceptions.TimeoutException: Message:", "trace": "self = <test_024_zh_xtsz_yhgl_yhgl.Test_zh_stsz_yhgl_yhgl object at 0x0000024427178080>\naccess_web = (<selenium.webdriver.chrome.webdriver.WebDriver (session=\"b497ed9f143349760619d7a4786b8959\")>, <PageObjects.zh_001.dl_...bbpz object at 0x00000244270B7A90>, <PageObjects.zh_007_xtsz_lkpz.Test_zh_xtsz_lkpz object at 0x00000244270B7240>, ...)\n\n    def test_zh_stsz_yhgl_yhgl_09(self, access_web):\n        time.sleep(3)\n        # 账号搜索框--清除\n        access_web[22].zh_xtsz_yhgl_yhgl_03()\n        # 账号搜索框--输入\n        access_web[22].zh_xtsz_yhgl_yhgl_02(\"13999999999\")\n        # 查询\n        access_web[22].zh_xtsz_yhgl_yhgl_04()\n        # 列表最后一个\n>       access_web[22].zh_xtsz_yhgl_yhgl_010()\n\nTestCases\\test_024_zh_xtsz_yhgl_yhgl.py:175: \n_ _ _ _ _ _ _ _ _ _ _ _ _ _ _ _ _ _ _ _ _ _ _ _ _ _ _ _ _ _ _ _ _ _ _ _ _ _ _ _ _ _ _ _ _ _ _ _ _ _ _ _ _ _ _ _ _ _ _ _ _ _ _ _ _ _ _ _ _ _ _ _ _ _ _ _ _ _ _ _ _ _ _ _ _ _ _ _ _ _ _ _ _ _ _ _ _ _ _ _ _ _ _ _ _ _ _ _ _ _ _ _ _ _ _ _ _ _ _ _ _ _ _ _ _ _ _ _ _ _ _ _ _ _ _ _ _ _ _ _ _ _ _ _ _ _ _ _ _ _ _ _ _ _ _ _ \nPageObjects\\zh_024_xtsz_yhgl_yhgl.py:106: in zh_xtsz_yhgl_yhgl_010\n    WebDriverWait(self.driver, 30).until(EC.visibility_of_element_located(loc.zh_xtsz_yhgl_yhgl_lb))\n_ _ _ _ _ _ _ _ _ _ _ _ _ _ _ _ _ _ _ _ _ _ _ _ _ _ _ _ _ _ _ _ _ _ _ _ _ _ _ _ _ _ _ _ _ _ _ _ _ _ _ _ _ _ _ _ _ _ _ _ _ _ _ _ _ _ _ _ _ _ _ _ _ _ _ _ _ _ _ _ _ _ _ _ _ _ _ _ _ _ _ _ _ _ _ _ _ _ _ _ _ _ _ _ _ _ _ _ _ _ _ _ _ _ _ _ _ _ _ _ _ _ _ _ _ _ _ _ _ _ _ _ _ _ _ _ _ _ _ _ _ _ _ _ _ _ _ _ _ _ _ _ _ _ _ _ \n\nself = <selenium.webdriver.support.wait.WebDriverWait (session=\"b497ed9f143349760619d7a4786b8959\")>, method = <selenium.webdriver.support.expected_conditions.visibility_of_element_located object at 0x00000244271782B0>, message = ''\n\n    def until(self, method, message=''):\n        \"\"\"Calls the method provided with the driver as an argument until the \\\n        return value is not False.\"\"\"\n        screen = None\n        stacktrace = None\n    \n        end_time = time.time() + self._timeout\n        while True:\n            try:\n                value = method(self._driver)\n                if value:\n                    return value\n            except self._ignored_exceptions as exc:\n                screen = getattr(exc, 'screen', None)\n                stacktrace = getattr(exc, 'stacktrace', None)\n            time.sleep(self._poll)\n            if time.time() > end_time:\n                break\n>       raise TimeoutException(message, screen, stacktrace)\nE       selenium.common.exceptions.TimeoutException: Message:\n\nd:\\python\\lib\\site-packages\\selenium\\webdriver\\support\\wait.py:80: TimeoutException"}, "attachments": [{"name": "stdout", "source": "0f7f5451-d54a-45a9-902b-a47112e2fcb9-attachment.txt", "type": "text/plain"}], "start": 1597725642555, "stop": 1597725676266, "uuid": "9967933e-9bcc-4547-8796-ec9a4aeb7561", "historyId": "6798da31d440d39819ed40187e6cd4e7", "testCaseId": "5511f1695107a366ba3efa6d9a3a160d", "fullName": "TestCases.test_024_zh_xtsz_yhgl_yhgl.Test_zh_stsz_yhgl_yhgl#test_zh_stsz_yhgl_yhgl_09", "labels": [{"name": "tag", "value": "@pytest.mark.usefixtures('access_web')"}, {"name": "parentSuite", "value": "TestCases"}, {"name": "suite", "value": "test_024_zh_xtsz_yhgl_yhgl"}, {"name": "subSuite", "value": "Test_zh_stsz_yhgl_yhgl"}, {"name": "host", "value": "DESKTOP-IB24K0P"}, {"name": "thread", "value": "13640-MainThread"}, {"name": "framework", "value": "pytest"}, {"name": "language", "value": "cpython3"}, {"name": "package", "value": "TestCases.test_024_zh_xtsz_yhgl_yhgl"}]}